<?xml version="1.0" encoding="UTF-8"?>
<!-- Generated by org.testng.reporters.JUnitXMLReporter -->
<testsuite hostname="Is-MacBook-Pro" name="Default test" tests="3" failures="0" timestamp="22 Jul 2020 06:39:59 GMT" time="13.795" errors="0">
  <testcase name="verifyLoginPageTitle" time="6.008" classname="com.qa.hubspot.tests.LoginPageTest"/>
  <testcase name="verifySignUpLinkTest" time="0.727" classname="com.qa.hubspot.tests.LoginPageTest"/>
  <testcase name="loginTest" time="4.718" classname="com.qa.hubspot.tests.LoginPageTest"/>
</testsuite> <!-- Default test -->
