<?xml version="1.0" encoding="UTF-8"?>
<!-- Generated by org.testng.reporters.JUnitXMLReporter -->
<testsuite hostname="Is-MacBook-Pro" ignored="1" name="Command line test" tests="6" failures="0" timestamp="2020-07-17T19:51:13 CDT" time="38.553" errors="0">
  <testcase name="verifyHomePageTitleTest" time="0.008" classname="com.qa.hubspot.tests.HomePageTest"/>
  <testcase name="verifyHomePageHeaderName" time="0.008" classname="com.qa.hubspot.tests.HomePageTest"/>
  <testcase name="verifyLoggedInUserTest" time="0.62" classname="com.qa.hubspot.tests.HomePageTest"/>
  <testcase name="verifyLoginPageTitle" time="3.544" classname="com.qa.hubspot.tests.LoginPageTest"/>
  <testcase name="verifySignUpLinkTest" time="0.831" classname="com.qa.hubspot.tests.LoginPageTest"/>
  <testcase name="loginTest" time="4.467" classname="com.qa.hubspot.tests.LoginPageTest"/>
  <testcase name="loginInvalidTestcase" time="0.0" classname="com.qa.hubspot.tests.LoginPageTest">
    <ignored/>
  </testcase> <!-- loginInvalidTestcase -->
</testsuite> <!-- Command line test -->
