<?xml version="1.0" encoding="UTF-8"?>
<!-- Generated by org.testng.reporters.JUnitXMLReporter -->
<testsuite hostname="Is-MacBook-Pro" ignored="1" name="HubSpot Fuctional Regression Test -- chrome" tests="6" failures="0" timestamp="2020-07-25T02:33:08 CDT" time="41.953" errors="0">
  <testcase name="verifyHomePageTitleTest" time="0.057" classname="com.qa.hubspot.tests.HomePageTest"/>
  <testcase name="verifyHomePageHeaderName" time="0.013" classname="com.qa.hubspot.tests.HomePageTest"/>
  <testcase name="verifyLoggedInUserTest" time="0.629" classname="com.qa.hubspot.tests.HomePageTest"/>
  <testcase name="verifyLoginPageTitle" time="5.188" classname="com.qa.hubspot.tests.LoginPageTest"/>
  <testcase name="verifySignUpLinkTest" time="8.418" classname="com.qa.hubspot.tests.LoginPageTest"/>
  <testcase name="loginTest" time="9.583" classname="com.qa.hubspot.tests.LoginPageTest"/>
  <testcase name="loginInvalidTestcase" time="0.0" classname="com.qa.hubspot.tests.LoginPageTest">
    <ignored/>
  </testcase> <!-- loginInvalidTestcase -->
</testsuite> <!-- HubSpot Fuctional Regression Test - chrome -->
