<?xml version="1.0" encoding="UTF-8"?>
<!-- Generated by org.testng.reporters.JUnitXMLReporter -->
<testsuite hostname="Is-MacBook-Pro" ignored="1" name="HubSpot Fuctional Regression Test" tests="3" failures="0" timestamp="2020-07-25T02:24:08 CDT" time="24.828" errors="0">
  <testcase name="verifyLoginPageTitle" time="4.506" classname="com.qa.hubspot.tests.LoginPageTest"/>
  <testcase name="verifySignUpLinkTest" time="5.788" classname="com.qa.hubspot.tests.LoginPageTest"/>
  <testcase name="loginTest" time="9.744" classname="com.qa.hubspot.tests.LoginPageTest"/>
  <testcase name="loginInvalidTestcase" time="0.0" classname="com.qa.hubspot.tests.LoginPageTest">
    <ignored/>
  </testcase> <!-- loginInvalidTestcase -->
</testsuite> <!-- HubSpot Fuctional Regression Test -->
